-------------------------------------------------------------------------------
Test set: com.andretto.itsm.ItsmApplicationTests
-------------------------------------------------------------------------------
Tests run: 1, Failures: 0, Errors: 1, Skipped: 0, Time elapsed: 0.478 s <<< FAILURE! - in com.andretto.itsm.ItsmApplicationTests
com.andretto.itsm.ItsmApplicationTests  Time elapsed: 0.476 s  <<< ERROR!
java.lang.IllegalStateException: Unable to find a @SpringBootConfiguration, you need to use @ContextConfiguration or @SpringBootTest(classes=...) with your test

